c a s e 
m o p i 
s t r e 
n a p d 
Words for Game #1
case
cam
cams
cap
caps
cape
capes
capo
capos
capos
captor
captan
captans
capris
cape
caper
caped
coapt
coapts
cos
cosie
cosie
cosier
cosied
coma
comas
cop
cops
copse
cope
copes
copies
copier
copied
copra
copras
cope
coper
coped
cos
cost
costa
costar
costard
cot
cots
cotan
cotans
cor
corps
corpse
core
cored
cord
asp
aspire
aspired
aspirant
aspirants
asper
amort
aorta
aortas
apse
ape
apes
aport
apt
ape
aper
aperies
aped
sac
samosa
sap
sapota
sapotas
sapor
sept
septs
septa
sei
soap
soapier
soaper
soaped
soma
sop
sos
sot
sots
sori
sort
sorts
sore
sora
soras
sord
spa
speir
speired
spot
spots
sport
sports
spore
spored
spirt
spirts
spire
spired
spirant
spirants
spier
spied
sprat
sprats
speir
sped
sip
sipe
sipe
siped
sir
sire
sired
espied
epos
epos
mac
mas
map
maps
moc
moa
moas
mos
mop
mops
mope
mopes
mopier
mope
moper
moperies
moped
mos
most
mot
mots
mor
mort
morts
more
mora
moras
oca
ocas
ose
osier
oms
ops
ope
opes
opt
opts
ope
opera
operas
operant
operants
oped
osar
ort
orts
ore
ora
pac
pas
pase
pam
pams
psi
pes
peso
pesos
pose
pom
poms
post
pot
pots
port
ports
pore
pored
pis
piso
pisos
pie
pies
pie
pier
pied
pro
proa
proas
pros
prose
prom
proms
pros
prost
prise
pries
pried
prep
prat
prats
peise
per
peri
peris
pert
pep
ped
pedro
pedros
pedros
ire
ired
soap
soaps
soapier
soaper
soaped
sos
soma
somas
sop
sops
sot
sori
sort
sore
sora
sord
stoa
stoas
stoma
stomas
stop
stops
stope
stopes
stope
stoper
stoped
stories
storied
store
stored
stroma
strop
strops
strip
strips
stripe
stripes
stripe
striped
strep
streps
strep
strap
star
stare
stared
snare
snared
snap
sat
satori
satoris
saros
sari
saris
sard
santo
santos
sap
tom
toms
top
tops
tope
topes
topi
topis
tope
toper
toped
tor
tori
tories
tore
tora
toras
tsoris
tsar
trop
trope
tropes
trope
tries
trip
trips
tripe
tripes
tripos
tripos
tripe
tried
trepan
trepans
trans
transom
trap
tas
tar
taro
taroc
taros
taros
tarp
tarps
tare
tared
tarp
tan
tans
tap
tape
taper
taped
roc
roam
roams
rose
rom
roms
rope
ropes
rope
roped
rot
rots
rota
rotas
rise
rip
rips
ripe
ripes
ripost
ripe
riped
rep
reps
repo
repos
repose
repos
repot
repots
rei
reis
rep
repast
red
ras
rat
rato
ratos
ratos
rats
ran
ransom
rant
rants
rap
rapt
rape
raped
epos
epos
eros
erose
eros
era
eras
naris
nard
nap
nape
naperies
atma
atmas
atom
atoms
atop
atopies
atrip
arose
aroma
aromas
arise
art
arts
are
ant
ants
antre
apt
ape
aper
aperies
aped
pro
proa
proas
pros
prose
prom
proms
prop
props
pros
prost
prise
pries
pried
prep
preps
prat
prats
pep
peps
pepo
pepos
pepos
peise
per
peri
peris
pert
ped
pedro
pedros
pedros
pas
past
pastor
pastored
pastries
pat
pats
par
paris
paries
part
parts
pare
pared
pard
pan
pans
pant
panto
pantos
pantos
pants
pantries
drop
drops
dropt
dries
drip
drips
dript
drat
drats
drape
depose
depot
depots
deport
deports
derat
derats
depart
departs


t r e d 
a j c e 
i a k m 
f e l w 
Words for Game #2
tree
treed
tar
tare
tared
taj
red
rede
rec
reck
recked
ree
reed
reek
rat
raj
raja
raia
era
derat
decaf
decal
deck
deckel
deckle
dee
deem
dee
deer
decaf
decal
deck
deckel
deckle
deke
art
are
areca
arc
arced
arced
arcked
ajee
aal
jee
jeed
jar
jack
jacked
jake
jake
creed
creek
craal
cede
cee
cee
cede
ceder
cake
caked
cake
cafe
calk
calked
calm
calmed
eke
ajee
ajar
acre
acred
ace
aced
ace
aced
ackee
acme
akee
alme
ale
alef
kaif
kaf
kae
kale
kea
kef
meed
med
fiat
fiar
fiacre
fie
face
facer
faced
face
faced
fake
fakeer
faked
fake
feal
eke
eked
elk
elm
lac
lace
lacer
laced
lace
laced
lack
lacked
lake
laked
lake
lei
lea
leak
leaked
leaf
lek
leke


a a a a 
a a a a 
a a a a 
a a a a 
Words for Game #3


v z v z 
q v z p 
a l r r 
c g x y 
Words for Game #4
pry
pry
lav
lac
lag
calx
clag
gal


a r o e 
o c e g 
o c e g 
o r x c 
Words for Game #5
arc
arco
arco
arco
are
acre
ace
ace
race
race
racer
roe
roc
rococo
rococo
rococo
rococo
roe
roger
roc
rococo
roc
rococo
ree
rec
recce
reg
rec
recce
ree
reg
ora
orc
orca
ore
oca
ogee
ogee
ogee
ogee
ego
eger
eger
egg
egger
egger
oar
ora
orc
orca
ore
oca
car
care
career
croc
cor
core
cog
cor
core
coo
coco
coco
cero
cero
cee
cee
coo
coco
cocoa
coco
coo
cor
core
cee
cero
cero
era
ego
eger
egg
egger
egg
egger
eger
gor
gore
goer
gee
gee
gee
gee
oca
orc
ore
cor
core
coca
coco
coco
coo
cero
cero
cee
ceca
cee
coo
coca
coco
coco
cocoa
coo
cor
core
ceca
cee
cero
cero
coo
cor
core
croc
ego
eger
egg
egger
eger
egg
egger
gee
gee
gee
orc
ore
roc
rococo
roc
rococo
rec
recce
ree
reg
rec
recce
reg
rex
rec
roc
rococo
rococo
rococo
rococo
ceca
cee
cero
cero


d e m o 
r t s n 
a b l e 
d e m o 
Words for Game #6
demo
demos
demon
demons
demonstrable
demonstrable
derat
derats
drest
drat
drats
drab
drabs
ems
era
eta
med
met
meta
meson
mesne
mos
most
moste
mon
mons
monster
monstera
omer
oms
ose
ose
ons
onset
one
ones
red
rem
rems
ret
rets
retable
retables
retable
res
rest
resemble
resembled
rat
rate
rated
rates
rats
rad
ted
trad
trade
tar
tare
tared
tares
tab
tabs
table
tables
table
tabled
tad
tae
tael
taels
ser
sera
set
seta
setae
some
son
sone
stem
star
stare
stared
stab
stable
stable
stabled
stablemen
stade
sled
sloe
sen
sel
seme
nom
nome
nomes
noms
nos
nose
nosed
nose
nest
nested
nester
nestable
nestle
nestled
are
ares
art
arts
arb
arbs
arbelest
ate
ates
abs
able
ables
ablest
able
abele
abeles
abed
bred
bra
brat
brats
brad
brae
bar
bard
barde
bardes
bare
bared
bares
barest
bat
bate
bated
bates
bats
bad
bade
blest
blear
bleared
bleat
bleated
bleater
bleats
bled
bear
beard
beat
beater
beats
bead
bel
belt
belted
belter
belts
bels
bed
lest
leno
lenos
lens
lense
lensed
lea
lear
lead
led
ester
ens
els
else
elm
embar
embed
eme
dare
dared
dares
dart
darted
darts
dartle
dartles
dartle
darb
darbs
date
dated
dater
dates
dab
dabs
dabster
dear
dearest
deb
debt
debts
debs
debar
debate
debated
debater
debates
del
delta
dels
dele
deles
deme
demes
demo
ear
eared
eat
eater
eats
els
else
else
elm
embar
eme
emes
meson
men
meno
mense
mensed
mel
melt
melted
melter
melts
mels
meat
meated
meats
mead
mel
melt
melted
melter
melts
mels
med
mol
molt
molted
molter
molts
mols
mole
moles
molest
molested
molester
mole
ole
oles
ole
olea
oleate
oleates
oes
ombre
ombres
omen
omens


r a c e 
e r a c 
c e r a 
a c e r 
Words for Game #7
race
rare
rare
rarer
rear
rearer
rec
recce
recce
ree
are
areca
arrear
ace
acre
acre
arc
are
areca
arc
are
area
areae
areca
area
areca
arrear
car
care
carer
career
career
careerer
carr
caeca
car
carr
care
carer
career
careerer
care
career
carer
career
career
carr
ceca
ceca
caeca
car
carr
care
carer
career
careerer
care
career
carer
career
career
carr
caca
caeca
caeca
car
carr
care
career
career
carer
career
care
career
careerer
carer
carr
ear
ear
era
err
ear
ear
err
era
era
ere
err
rare
race
rear
rec
recce
recce
ree
race
race
rare
rare
rarer
ree
rear
rearer
rec
recce
rec
recce
ree
ace
acre
acre
arc
are
area
areca
arc
are
areca
area
areca
arrear
ace
acre
acre
arrear
arc
are
areca
area
areca
arc
are
area
areca
ceca
ceca
caca
caeca
car
carr
care
carer
career
careerer
care
career
carer
career
career
carr
caeca
caeca
car
carr
care
career
career
carer
career
care
career
careerer
carer
carr
car
carr
care
career
career
carer
career
care
career
careerer
carer
carr
caeca
car
carr
care
career
careerer
career
carer
cere
cee
cee
cere
cere
ceca
cee
err
era
ere
era
err
ear
ear
err
era
era
ere
err
race
rare
rarer
rare
race
ree
rear
rearer
rec
recce
rec
recce
ree
race
rare
ree
rear
rec
recce
recce
ace
acre
acre
arrear
arc
are
area
areae
areca
area
areca
arc
are
areca
arrear
are
areca
ace
acre
acre
ace
ace
acre
acre
ace
cee
cere
ceca
cere
cee
cee
cere
err
era
ere
era
err
ear
ear
err
era
race
rare
rarer
rare
ree
rear
rearer
rec
recce
recce


a o e u 
a o e u 
a o e u 
a o e u 
Words for Game #8


t r a s 
e u h h 
u h u c 
u h h o 
Words for Game #9
trash
trash
true
ras
rash
rash
rah
rah
ret
rut
rue
art
are
ash
ash
sau
saute
sha
share
shah
shut
shute
shh
shh
sha
share
shah
shh
era
eras
hart
hare
has
hash
haut
haute
hah
hahs
hut
hurt
hue
huh
huh
huh
huh
huh
hart
hare
has
hash
haut
haute
hah
hahs
huh
huh
huh
huh
het
her
hut
hurt
hue
huh
hue
huh
huh
huh
huh
huh
huh
char
chart
chare
chute
char
chart
chare
hue
huh
huh
huh
huh
huh
huh
huh
huh
huh
huh
ouch
ouch
ouch
ochre


r a g o 
a l e n 
p i g o 
s e m a 
Words for Game #10
rag
rage
rale
rale
rap
raps
rape
rapes
rail
raise
ago
agon
agone
age
aal
ala
alar
ale
alp
alps
alien
align
alga
aeon
aegis
aeon
gar
gal
gala
gale
gae
gaen
gone
gong
glen
gleg
glia
glim
glime
glimes
gear
gel
gen
genom
genome
genomes
genoa
gnome
gnomes
ogle
one
aal
ala
alar
alae
alga
algae
ale
alegar
alp
alps
alien
align
alga
apse
ape
apes
ail
ais
aim
lar
lag
lar
lap
lapis
laps
lapse
lea
lear
leg
legong
leno
leno
lei
leis
leg
legong
leges
liar
lie
lien
liege
lieges
lip
lips
lis
lisp
lie
liege
lies
limo
lime
limes
lima
ear
earl
earlap
earlaps
egal
ego
eon
elapse
eng
eng
egis
ego
eon
nog
noel
near
neglige
negliges
noel
nog
nom
nome
nomes
noma
par
para
paragon
parle
pal
pale
palea
pail
paise
plage
plea
plie
plie
plies
pia
pial
pilar
pilar
pile
pilea
pie
pig
pigeon
pigeon
pis
pie
pies
pima
psi
peg
pes
ilea
image
imago
image
images
gleg
glen
glia
glim
glime
glimes
gear
gel
gen
genom
genome
genomes
genoa
gnome
gnomes
gie
gien
gip
gips
gie
gies
gong
gone
goa
gem
gam
game
games
one
ogle
ogam
omega
spa
spar
spale
spail
spile
spiel
spiegel
speil
sial
silage
siege
sip
sipe
sign
sigma
siege
sim
sima
sepal
sepia
sei
seg
segno
segno
sego
semi
epigeal
epigon
epigone
egis
ego
espial
mil
milage
mile
milpa
mien
mig
mis
mise
mon
mongo
mongoe
mono
mog
moa
megilp
megilps
mesial
mag
mage
magi
magilp
magilps
mage
mages
age
agile
ago
agon
agone
age
ages
ami
amia
amie
amigo
amis
amie
amies
among
among


